STMicroelectronics list file postprocessor v1.01   (C)2009-2011   Sat Oct 08 12:18:26 2011
Page 1  Assembler
                                               d:\fwlib_ver_e\stm8\stm8_stdperiph_lib\stm8s_stdperiph_lib_v2.0.0\project\template\stvd\cosmic\main.asm

   1                         stm8/     
   2                         
   0  000000                                 #include "mapping.inc"
   1                                                          ;-------------------------------
                                                                ;-----------------------
   2                                                          ; SEGMENT MAPPING FILE 
                                                                ;AUTOMATICALLY GENERATED BY 
                                                                ;STVD
   3                                                          ; SHOULD NOT BE MANUALLY 
                                                                ;MODIFIED.
   4                                                          ; CHANGES WILL BE LOST WHEN FILE
                                                                ; IS REGENERATED.
   5                                                          ;-------------------------------
                                                                ;-----------------------
   6  000000                                 #define  RAM0 1
   7  000000                                 #define  ram0_segment_start 0
   8  000000                                 #define  ram0_segment_end FF
   9  000000                                 #define  RAM1 1
  10  000000                                 #define  ram1_segment_start 100
  11  000000                                 #define  ram1_segment_end 1FF
  12  000000                                 #define  stack_segment_start 200
  13  000000                                 #define  stack_segment_end 3FF
<END_OF_INCLUSION>
   4                         
   5                                   segment  'rom'
   6                         main.l    
   7                                                          ; initialize SP
   8  008080   AE03FF                        ldw      X,#stack_end
   9  008083   94                            ldw      SP,X
  10                         
  11  008084                                 #ifdef   1             
  12                                                          ; clear RAM0
  13  000000                       ram0_start.b  EQU      $0
  14  0000FF                       ram0_end.b  EQU      $FF
  15  008084   AE0000                        ldw      X,#ram0_start
  16                         clear_ram0.l  
  17  008087   7F                            clr      (X)
  18  008088   5C                            incw     X
  19  008089   A300FF                        cpw      X,#ram0_end   
  20  00808C   23F9                          jrule    clear_ram0
  21  00808E                                 #endif   
  22                         
  23  00808E                                 #ifdef   1
  24                                                          ; clear RAM1
  25  000100                       ram1_start.w  EQU      $100
  26  0001FF                       ram1_end.w  EQU      $1FF          
  27  00808E   AE0100                        ldw      X,#ram1_start
  28                         clear_ram1.l  
  29  008091   7F                            clr      (X)
  30  008092   5C                            incw     X
  31  008093   A301FF                        cpw      X,#ram1_end   
  32  008096   23F9                          jrule    clear_ram1
  33  008098                                 #endif   
  34                         
  35                                                          ; clear stack
  36  000200                       stack_start.w  EQU      $200
  37  0003FF                       stack_end.w  EQU      $3FF
  38  008098   AE0200                        ldw      X,#stack_start
STMicroelectronics list file postprocessor v1.01   (C)2009-2011   Sat Oct 08 12:18:26 2011
Page 2  Assembler
                                               d:\fwlib_ver_e\stm8\stm8_stdperiph_lib\stm8s_stdperiph_lib_v2.0.0\project\template\stvd\cosmic\main.asm

  39                         clear_stack.l  
  40  00809B   7F                            clr      (X)
  41  00809C   5C                            incw     X
  42  00809D   A303FF                        cpw      X,#stack_end  
  43  0080A0   23F9                          jrule    clear_stack
  44                         
  45                         infinite_loop.l  
  46  0080A2   20FE                          jra      infinite_loop
  47                         
  48  0080A4                                 interrupt NonHandledInterrupt
  49                         NonHandledInterrupt.l  
  50  0080A4   80                            iret     
  51                         
  52                                   segment  'vectit'
  53  008000   82008080                      dc.l     {$82000000+main}  ; reset
  54  008004   820080A4                      dc.l     {$82000000+NonHandledInterrupt}  ; trap
  55  008008   820080A4                      dc.l     {$82000000+NonHandledInterrupt}  ; irq0
  56  00800C   820080A4                      dc.l     {$82000000+NonHandledInterrupt}  ; irq1
  57  008010   820080A4                      dc.l     {$82000000+NonHandledInterrupt}  ; irq2
  58  008014   820080A4                      dc.l     {$82000000+NonHandledInterrupt}  ; irq3
  59  008018   820080A4                      dc.l     {$82000000+NonHandledInterrupt}  ; irq4
  60  00801C   820080A4                      dc.l     {$82000000+NonHandledInterrupt}  ; irq5
  61  008020   820080A4                      dc.l     {$82000000+NonHandledInterrupt}  ; irq6
  62  008024   820080A4                      dc.l     {$82000000+NonHandledInterrupt}  ; irq7
  63  008028   820080A4                      dc.l     {$82000000+NonHandledInterrupt}  ; irq8
  64  00802C   820080A4                      dc.l     {$82000000+NonHandledInterrupt}  ; irq9
  65  008030   820080A4                      dc.l     {$82000000+NonHandledInterrupt}  ; irq10
  66  008034   820080A4                      dc.l     {$82000000+NonHandledInterrupt}  ; irq11
  67  008038   820080A4                      dc.l     {$82000000+NonHandledInterrupt}  ; irq12
  68  00803C   820080A4                      dc.l     {$82000000+NonHandledInterrupt}  ; irq13
  69  008040   820080A4                      dc.l     {$82000000+NonHandledInterrupt}  ; irq14
  70  008044   820080A4                      dc.l     {$82000000+NonHandledInterrupt}  ; irq15
  71  008048   820080A4                      dc.l     {$82000000+NonHandledInterrupt}  ; irq16
  72  00804C   820080A4                      dc.l     {$82000000+NonHandledInterrupt}  ; irq17
  73  008050   820080A4                      dc.l     {$82000000+NonHandledInterrupt}  ; irq18
  74  008054   820080A4                      dc.l     {$82000000+NonHandledInterrupt}  ; irq19
  75  008058   820080A4                      dc.l     {$82000000+NonHandledInterrupt}  ; irq20
  76  00805C   820080A4                      dc.l     {$82000000+NonHandledInterrupt}  ; irq21
  77  008060   820080A4                      dc.l     {$82000000+NonHandledInterrupt}  ; irq22
  78  008064   820080A4                      dc.l     {$82000000+NonHandledInterrupt}  ; irq23
  79  008068   820080A4                      dc.l     {$82000000+NonHandledInterrupt}  ; irq24
  80  00806C   820080A4                      dc.l     {$82000000+NonHandledInterrupt}  ; irq25
  81  008070   820080A4                      dc.l     {$82000000+NonHandledInterrupt}  ; irq26
  82  008074   820080A4                      dc.l     {$82000000+NonHandledInterrupt}  ; irq27
  83  008078   820080A4                      dc.l     {$82000000+NonHandledInterrupt}  ; irq28
  84  00807C   820080A4                      dc.l     {$82000000+NonHandledInterrupt}  ; irq29
  85                         
  86  008080                                 end      
STMicroelectronics list file postprocessor v1.01   (C)2009-2011   Sat Oct 08 12:18:26 2011
Page 3  Assembler
                                               d:\fwlib_ver_e\stm8\stm8_stdperiph_lib\stm8s_stdperiph_lib_v2.0.0\project\template\stvd\cosmic\main.asm

Symbol Name                       Value     Call       Type  Scope      Rel.  Line  Privacy  Segment   Size  Bytes File

NonHandledInterrupt               000080A4  interrupt  LONG  Internal   ABS     49  private  text         1     0  -

clear_ram0                        00008087         no  LONG  Internal   ABS     16  private  text        10     0  -
clear_ram1                        00008091         no  LONG  Internal   ABS     28  private  text        10     0  -
clear_stack                       0000809B         no  LONG  Internal   ABS     39  private  text         7     0  -

infinite_loop                     000080A2         no  LONG  Internal   ABS     45  private  text         2     0  -

main                              00008080         no  LONG  Internal   ABS      6  private  text         7     0  -

ram0_start                              00         no  BYTE  Internal   ABS     13  private  text         0     0  -
ram0_end                                FF         no  BYTE  Internal   ABS     14  private  text         0     0  -
ram1_start                            0100         no  WORD  Internal   ABS     25  private  text         0     0  -
ram1_end                              01FF         no  WORD  Internal   ABS     26  private  text         0     0  -

stack_start                           0200         no  WORD  Internal   ABS     36  private  text         0     0  -
stack_end                             03FF         no  WORD  Internal   ABS     37  private  text         0     0  -


12 labels
No errors on assembly of 'd:\fwlib_ver_e\stm8\stm8_stdperiph_lib\stm8s_stdperiph_lib_v2.0.0\project\template\stvd\cosmic\main.asm'